Main/app/build/intermediates/manifest_merge_blame_file/debug/processDebugMainManifest/manifest-merger-blame-debug-report.txt
1<?xml version="1.0" encoding="utf-8"?>
2<manifest xmlns:android="http://schemas.android.com/apk/res/android"
3    package="com.example.appdocsach"
4    android:versionCode="1"
5    android:versionName="1.0" >
6
7    <uses-sdk
8        android:minSdkVersion="29"
9        android:targetSdkVersion="34" />
10
11    <uses-permission android:name="android.permission.INTERNET" />
11-->src\main\AndroidManifest.xml:5:5-67
11-->src\main\AndroidManifest.xml:5:22-64
12
13    <queries>
13-->[com.facebook.android:facebook-common:17.0.0] AndroidManifest.xml:17:5-19:15
14        <package android:name="com.facebook.katana" />
14-->[com.facebook.android:facebook-common:17.0.0] AndroidManifest.xml:18:9-55
14-->[com.facebook.android:facebook-common:17.0.0] AndroidManifest.xml:18:18-52
15    </queries> <!-- Although the *SdkVersion is captured in gradle build files, this is required for non gradle builds -->
16    <!-- <uses-sdk android:minSdkVersion="14" /> -->
17    <uses-permission android:name="android.permission.ACCESS_NETWORK_STATE" />
17-->[com.google.firebase:firebase-firestore:24.11.0] AndroidManifest.xml:10:5-79
17-->[com.google.firebase:firebase-firestore:24.11.0] AndroidManifest.xml:10:22-76
18    <uses-permission android:name="com.google.android.providers.gsf.permission.READ_GSERVICES" />
18-->[com.google.android.recaptcha:recaptcha:18.4.0] AndroidManifest.xml:9:5-98
18-->[com.google.android.recaptcha:recaptcha:18.4.0] AndroidManifest.xml:9:22-95
19    <uses-permission android:name="com.google.android.gms.permission.AD_ID" />
19-->[com.facebook.android:facebook-core:17.0.0] AndroidManifest.xml:16:5-79
19-->[com.facebook.android:facebook-core:17.0.0] AndroidManifest.xml:16:22-76
20
21    <permission
21-->[androidx.core:core:1.9.0] AndroidManifest.xml:22:5-24:47
22        android:name="com.example.appdocsach.DYNAMIC_RECEIVER_NOT_EXPORTED_PERMISSION"
22-->[androidx.core:core:1.9.0] AndroidManifest.xml:23:9-81
23        android:protectionLevel="signature" />
23-->[androidx.core:core:1.9.0] AndroidManifest.xml:24:9-44
24
25    <uses-permission android:name="com.example.appdocsach.DYNAMIC_RECEIVER_NOT_EXPORTED_PERMISSION" />
25-->[androidx.core:core:1.9.0] AndroidManifest.xml:26:5-97
25-->[androidx.core:core:1.9.0] AndroidManifest.xml:26:22-94
26    <uses-permission android:name="com.google.android.finsky.permission.BIND_GET_INSTALL_REFERRER_SERVICE" />
26-->[com.android.installreferrer:installreferrer:1.0] AndroidManifest.xml:9:5-110
26-->[com.android.installreferrer:installreferrer:1.0] AndroidManifest.xml:9:22-107
27
28    <application
28-->src\main\AndroidManifest.xml:7:5-59:19
29        android:allowBackup="true"
29-->src\main\AndroidManifest.xml:8:9-35
30        android:appComponentFactory="androidx.core.app.CoreComponentFactory"
30-->[androidx.core:core:1.9.0] AndroidManifest.xml:28:18-86
31        android:dataExtractionRules="@xml/data_extraction_rules"
31-->src\main\AndroidManifest.xml:9:9-65
32        android:debuggable="true"
33        android:extractNativeLibs="false"
34        android:fullBackupContent="@xml/backup_rules"
34-->src\main\AndroidManifest.xml:10:9-54
35        android:icon="@mipmap/ic_launcher"
35-->src\main\AndroidManifest.xml:11:9-43
36        android:label="@string/app_name"
36-->src\main\AndroidManifest.xml:12:9-41
37        android:roundIcon="@mipmap/ic_launcher_round"
37-->src\main\AndroidManifest.xml:13:9-54
38        android:supportsRtl="true"
38-->src\main\AndroidManifest.xml:14:9-35
39        android:testOnly="true"
40        android:theme="@style/Base.Theme.AppDocSach" >
40-->src\main\AndroidManifest.xml:15:9-53
41        <activity
41-->src\main\AndroidManifest.xml:17:9-19:40
42            android:name="com.example.appdocsach.UserActivity"
42-->src\main\AndroidManifest.xml:18:13-41
43            android:exported="false" />
43-->src\main\AndroidManifest.xml:19:13-37
44
45        <meta-data
45-->src\main\AndroidManifest.xml:21:9-23:55
46            android:name="com.facebook.sdk.ApplicationId"
46-->src\main\AndroidManifest.xml:22:13-58
47            android:value="@string/facebook_app_id" />
47-->src\main\AndroidManifest.xml:23:13-52
48        <meta-data
48-->src\main\AndroidManifest.xml:24:9-26:61
49            android:name="com.facebook.sdk.ClientToken"
49-->src\main\AndroidManifest.xml:25:13-56
50            android:value="@string/facebook_client_token" />
50-->src\main\AndroidManifest.xml:26:13-58
51
52        <activity
52-->src\main\AndroidManifest.xml:28:9-36:20
53            android:name="com.example.appdocsach.Activity.StartActivity"
53-->src\main\AndroidManifest.xml:29:13-51
54            android:exported="true" >
54-->src\main\AndroidManifest.xml:30:13-36
55            <intent-filter>
55-->src\main\AndroidManifest.xml:31:13-35:29
56                <action android:name="android.intent.action.MAIN" />
56-->src\main\AndroidManifest.xml:32:17-69
56-->src\main\AndroidManifest.xml:32:25-66
57
58                <category android:name="android.intent.category.LAUNCHER" />
58-->src\main\AndroidManifest.xml:34:17-77
58-->src\main\AndroidManifest.xml:34:27-74
59            </intent-filter>
60        </activity>
61        <activity
61-->src\main\AndroidManifest.xml:37:9-39:99
62            android:name="com.facebook.FacebookActivity"
62-->src\main\AndroidManifest.xml:38:13-57
63            android:configChanges="keyboard|keyboardHidden|screenLayout|screenSize|orientation"
63-->src\main\AndroidManifest.xml:39:13-96
64            android:theme="@style/com_facebook_activity_theme" />
64-->[com.facebook.android:facebook-common:17.0.0] AndroidManifest.xml:25:13-63
65        <activity
65-->src\main\AndroidManifest.xml:40:9-51:20
66            android:name="com.facebook.CustomTabActivity"
66-->src\main\AndroidManifest.xml:41:13-58
67            android:exported="true" >
67-->src\main\AndroidManifest.xml:42:13-36
68            <intent-filter>
68-->src\main\AndroidManifest.xml:43:13-50:29
69                <action android:name="android.intent.action.VIEW" />
69-->src\main\AndroidManifest.xml:44:17-69
69-->src\main\AndroidManifest.xml:44:25-66
70
71                <category android:name="android.intent.category.DEFAULT" />
71-->src\main\AndroidManifest.xml:46:17-76
71-->src\main\AndroidManifest.xml:46:27-73
72                <category android:name="android.intent.category.BROWSABLE" />
72-->src\main\AndroidManifest.xml:47:17-78
72-->src\main\AndroidManifest.xml:47:27-75
73
74                <data android:scheme="@string/fb_login_protocol_scheme" />
74-->src\main\AndroidManifest.xml:49:17-75
74-->src\main\AndroidManifest.xml:49:23-72
75            </intent-filter>
76            <intent-filter>
76-->[com.facebook.android:facebook-common:17.0.0] AndroidManifest.xml:31:13-40:29
77                <action android:name="android.intent.action.VIEW" />
77-->src\main\AndroidManifest.xml:44:17-69
77-->src\main\AndroidManifest.xml:44:25-66
78
79                <category android:name="android.intent.category.DEFAULT" />
79-->src\main\AndroidManifest.xml:46:17-76
79-->src\main\AndroidManifest.xml:46:27-73
80                <category android:name="android.intent.category.BROWSABLE" />
80-->src\main\AndroidManifest.xml:47:17-78
80-->src\main\AndroidManifest.xml:47:27-75
81
82                <data
82-->src\main\AndroidManifest.xml:49:17-75
83                    android:host="cct.com.example.appdocsach"
84                    android:scheme="fbconnect" />
84-->src\main\AndroidManifest.xml:49:23-72
85            </intent-filter>
86        </activity>
87        <activity
87-->src\main\AndroidManifest.xml:52:9-54:40
88            android:name="com.example.appdocsach.Activity.HomePageActivity"
88-->src\main\AndroidManifest.xml:53:13-54
89            android:exported="false" />
89-->src\main\AndroidManifest.xml:54:13-37
90        <activity
90-->src\main\AndroidManifest.xml:55:9-57:40
91            android:name="com.example.appdocsach.Activity.LoginActivity"
91-->src\main\AndroidManifest.xml:56:13-51
92            android:exported="false" />
92-->src\main\AndroidManifest.xml:57:13-37
93        <activity android:name="com.example.appdocsach.Activity.SignUpActivity" />
93-->src\main\AndroidManifest.xml:58:9-61
93-->src\main\AndroidManifest.xml:58:19-58
94        <activity android:name="com.facebook.CustomTabMainActivity" />
94-->[com.facebook.android:facebook-common:17.0.0] AndroidManifest.xml:26:9-71
94-->[com.facebook.android:facebook-common:17.0.0] AndroidManifest.xml:26:19-68
95
96        <service
96-->[com.google.firebase:firebase-firestore:24.11.0] AndroidManifest.xml:14:9-23:19
97            android:name="com.google.firebase.components.ComponentDiscoveryService"
97-->[com.google.firebase:firebase-firestore:24.11.0] AndroidManifest.xml:15:13-84
98            android:directBootAware="true"
98-->[com.google.firebase:firebase-common:20.4.2] AndroidManifest.xml:32:13-43
99            android:exported="false" >
99-->[com.google.firebase:firebase-firestore:24.11.0] AndroidManifest.xml:16:13-37
100            <meta-data
100-->[com.google.firebase:firebase-firestore:24.11.0] AndroidManifest.xml:17:13-19:85
101                android:name="com.google.firebase.components:com.google.firebase.firestore.FirebaseFirestoreKtxRegistrar"
101-->[com.google.firebase:firebase-firestore:24.11.0] AndroidManifest.xml:18:17-122
102                android:value="com.google.firebase.components.ComponentRegistrar" />
102-->[com.google.firebase:firebase-firestore:24.11.0] AndroidManifest.xml:19:17-82
103            <meta-data
103-->[com.google.firebase:firebase-firestore:24.11.0] AndroidManifest.xml:20:13-22:85
104                android:name="com.google.firebase.components:com.google.firebase.firestore.FirestoreRegistrar"
104-->[com.google.firebase:firebase-firestore:24.11.0] AndroidManifest.xml:21:17-111
105                android:value="com.google.firebase.components.ComponentRegistrar" />
105-->[com.google.firebase:firebase-firestore:24.11.0] AndroidManifest.xml:22:17-82
106            <meta-data
106-->[com.google.firebase:firebase-database:20.3.0] AndroidManifest.xml:29:13-31:85
107                android:name="com.google.firebase.components:com.google.firebase.database.FirebaseDatabaseKtxRegistrar"
107-->[com.google.firebase:firebase-database:20.3.0] AndroidManifest.xml:30:17-120
108                android:value="com.google.firebase.components.ComponentRegistrar" />
108-->[com.google.firebase:firebase-database:20.3.0] AndroidManifest.xml:31:17-82
109            <meta-data
109-->[com.google.firebase:firebase-database:20.3.0] AndroidManifest.xml:32:13-34:85
110                android:name="com.google.firebase.components:com.google.firebase.database.DatabaseRegistrar"
110-->[com.google.firebase:firebase-database:20.3.0] AndroidManifest.xml:33:17-109
111                android:value="com.google.firebase.components.ComponentRegistrar" />
111-->[com.google.firebase:firebase-database:20.3.0] AndroidManifest.xml:34:17-82
112            <meta-data
112-->[com.google.firebase:firebase-storage:20.3.0] AndroidManifest.xml:30:13-32:85
113                android:name="com.google.firebase.components:com.google.firebase.storage.FirebaseStorageKtxRegistrar"
113-->[com.google.firebase:firebase-storage:20.3.0] AndroidManifest.xml:31:17-118
114                android:value="com.google.firebase.components.ComponentRegistrar" />
114-->[com.google.firebase:firebase-storage:20.3.0] AndroidManifest.xml:32:17-82
115            <meta-data
115-->[com.google.firebase:firebase-storage:20.3.0] AndroidManifest.xml:33:13-35:85
116                android:name="com.google.firebase.components:com.google.firebase.storage.StorageRegistrar"
116-->[com.google.firebase:firebase-storage:20.3.0] AndroidManifest.xml:34:17-107
117                android:value="com.google.firebase.components.ComponentRegistrar" />
117-->[com.google.firebase:firebase-storage:20.3.0] AndroidManifest.xml:35:17-82
118            <meta-data
118-->[com.google.firebase:firebase-auth:22.3.1] AndroidManifest.xml:69:13-71:85
119                android:name="com.google.firebase.components:com.google.firebase.auth.FirebaseAuthRegistrar"
119-->[com.google.firebase:firebase-auth:22.3.1] AndroidManifest.xml:70:17-109
120                android:value="com.google.firebase.components.ComponentRegistrar" />
120-->[com.google.firebase:firebase-auth:22.3.1] AndroidManifest.xml:71:17-82
121            <meta-data
121-->[com.google.firebase:firebase-appcheck:17.1.0] AndroidManifest.xml:25:13-27:85
122                android:name="com.google.firebase.components:com.google.firebase.appcheck.FirebaseAppCheckKtxRegistrar"
122-->[com.google.firebase:firebase-appcheck:17.1.0] AndroidManifest.xml:26:17-120
123                android:value="com.google.firebase.components.ComponentRegistrar" />
123-->[com.google.firebase:firebase-appcheck:17.1.0] AndroidManifest.xml:27:17-82
124            <meta-data
124-->[com.google.firebase:firebase-appcheck:17.1.0] AndroidManifest.xml:28:13-30:85
125                android:name="com.google.firebase.components:com.google.firebase.appcheck.FirebaseAppCheckRegistrar"
125-->[com.google.firebase:firebase-appcheck:17.1.0] AndroidManifest.xml:29:17-117
126                android:value="com.google.firebase.components.ComponentRegistrar" />
126-->[com.google.firebase:firebase-appcheck:17.1.0] AndroidManifest.xml:30:17-82
127            <meta-data
127-->[com.google.firebase:firebase-common-ktx:20.4.2] AndroidManifest.xml:12:13-14:85
128                android:name="com.google.firebase.components:com.google.firebase.ktx.FirebaseCommonLegacyRegistrar"
128-->[com.google.firebase:firebase-common-ktx:20.4.2] AndroidManifest.xml:13:17-116
129                android:value="com.google.firebase.components.ComponentRegistrar" />
129-->[com.google.firebase:firebase-common-ktx:20.4.2] AndroidManifest.xml:14:17-82
130            <meta-data
130-->[com.google.firebase:firebase-common:20.4.2] AndroidManifest.xml:35:13-37:85
131                android:name="com.google.firebase.components:com.google.firebase.FirebaseCommonKtxRegistrar"
131-->[com.google.firebase:firebase-common:20.4.2] AndroidManifest.xml:36:17-109
132                android:value="com.google.firebase.components.ComponentRegistrar" />
132-->[com.google.firebase:firebase-common:20.4.2] AndroidManifest.xml:37:17-82
133        </service>
134
135        <activity
135-->[com.google.firebase:firebase-auth:22.3.1] AndroidManifest.xml:29:9-46:20
136            android:name="com.google.firebase.auth.internal.GenericIdpActivity"
136-->[com.google.firebase:firebase-auth:22.3.1] AndroidManifest.xml:30:13-80
137            android:excludeFromRecents="true"
137-->[com.google.firebase:firebase-auth:22.3.1] AndroidManifest.xml:31:13-46
138            android:exported="true"
138-->[com.google.firebase:firebase-auth:22.3.1] AndroidManifest.xml:32:13-36
139            android:launchMode="singleTask"
139-->[com.google.firebase:firebase-auth:22.3.1] AndroidManifest.xml:33:13-44
140            android:theme="@android:style/Theme.Translucent.NoTitleBar" >
140-->[com.google.firebase:firebase-auth:22.3.1] AndroidManifest.xml:34:13-72
141            <intent-filter>
141-->[com.google.firebase:firebase-auth:22.3.1] AndroidManifest.xml:35:13-45:29
142                <action android:name="android.intent.action.VIEW" />
142-->src\main\AndroidManifest.xml:44:17-69
142-->src\main\AndroidManifest.xml:44:25-66
143
144                <category android:name="android.intent.category.DEFAULT" />
144-->src\main\AndroidManifest.xml:46:17-76
144-->src\main\AndroidManifest.xml:46:27-73
145                <category android:name="android.intent.category.BROWSABLE" />
145-->src\main\AndroidManifest.xml:47:17-78
145-->src\main\AndroidManifest.xml:47:27-75
146
147                <data
147-->src\main\AndroidManifest.xml:49:17-75
148                    android:host="firebase.auth"
149                    android:path="/"
150                    android:scheme="genericidp" />
150-->src\main\AndroidManifest.xml:49:23-72
151            </intent-filter>
152        </activity>
153        <activity
153-->[com.google.firebase:firebase-auth:22.3.1] AndroidManifest.xml:47:9-64:20
154            android:name="com.google.firebase.auth.internal.RecaptchaActivity"
154-->[com.google.firebase:firebase-auth:22.3.1] AndroidManifest.xml:48:13-79
155            android:excludeFromRecents="true"
155-->[com.google.firebase:firebase-auth:22.3.1] AndroidManifest.xml:49:13-46
156            android:exported="true"
156-->[com.google.firebase:firebase-auth:22.3.1] AndroidManifest.xml:50:13-36
157            android:launchMode="singleTask"
157-->[com.google.firebase:firebase-auth:22.3.1] AndroidManifest.xml:51:13-44
158            android:theme="@android:style/Theme.Translucent.NoTitleBar" >
158-->[com.google.firebase:firebase-auth:22.3.1] AndroidManifest.xml:52:13-72
159            <intent-filter>
159-->[com.google.firebase:firebase-auth:22.3.1] AndroidManifest.xml:53:13-63:29
160                <action android:name="android.intent.action.VIEW" />
160-->src\main\AndroidManifest.xml:44:17-69
160-->src\main\AndroidManifest.xml:44:25-66
161
162                <category android:name="android.intent.category.DEFAULT" />
162-->src\main\AndroidManifest.xml:46:17-76
162-->src\main\AndroidManifest.xml:46:27-73
163                <category android:name="android.intent.category.BROWSABLE" />
163-->src\main\AndroidManifest.xml:47:17-78
163-->src\main\AndroidManifest.xml:47:27-75
164
165                <data
165-->src\main\AndroidManifest.xml:49:17-75
166                    android:host="firebase.auth"
167                    android:path="/"
168                    android:scheme="recaptcha" />
168-->src\main\AndroidManifest.xml:49:23-72
169            </intent-filter>
170        </activity>
171        <activity
171-->[com.google.android.gms:play-services-auth:21.2.0] AndroidManifest.xml:23:9-27:75
172            android:name="com.google.android.gms.auth.api.signin.internal.SignInHubActivity"
172-->[com.google.android.gms:play-services-auth:21.2.0] AndroidManifest.xml:24:13-93
173            android:excludeFromRecents="true"
173-->[com.google.android.gms:play-services-auth:21.2.0] AndroidManifest.xml:25:13-46
174            android:exported="false"
174-->[com.google.android.gms:play-services-auth:21.2.0] AndroidManifest.xml:26:13-37
175            android:theme="@android:style/Theme.Translucent.NoTitleBar" />
175-->[com.google.android.gms:play-services-auth:21.2.0] AndroidManifest.xml:27:13-72
176        <!--
177            Service handling Google Sign-In user revocation. For apps that do not integrate with
178            Google Sign-In, this service will never be started.
179        -->
180        <service
180-->[com.google.android.gms:play-services-auth:21.2.0] AndroidManifest.xml:33:9-37:51
181            android:name="com.google.android.gms.auth.api.signin.RevocationBoundService"
181-->[com.google.android.gms:play-services-auth:21.2.0] AndroidManifest.xml:34:13-89
182            android:exported="true"
182-->[com.google.android.gms:play-services-auth:21.2.0] AndroidManifest.xml:35:13-36
183            android:permission="com.google.android.gms.auth.api.signin.permission.REVOCATION_NOTIFICATION"
183-->[com.google.android.gms:play-services-auth:21.2.0] AndroidManifest.xml:36:13-107
184            android:visibleToInstantApps="true" />
184-->[com.google.android.gms:play-services-auth:21.2.0] AndroidManifest.xml:37:13-48
185
186        <provider
186-->[androidx.emoji2:emoji2:1.2.0] AndroidManifest.xml:24:9-32:20
187            android:name="androidx.startup.InitializationProvider"
187-->[androidx.emoji2:emoji2:1.2.0] AndroidManifest.xml:25:13-67
188            android:authorities="com.example.appdocsach.androidx-startup"
188-->[androidx.emoji2:emoji2:1.2.0] AndroidManifest.xml:26:13-68
189            android:exported="false" >
189-->[androidx.emoji2:emoji2:1.2.0] AndroidManifest.xml:27:13-37
190            <meta-data
190-->[androidx.emoji2:emoji2:1.2.0] AndroidManifest.xml:29:13-31:52
191                android:name="androidx.emoji2.text.EmojiCompatInitializer"
191-->[androidx.emoji2:emoji2:1.2.0] AndroidManifest.xml:30:17-75
192                android:value="androidx.startup" />
192-->[androidx.emoji2:emoji2:1.2.0] AndroidManifest.xml:31:17-49
193            <meta-data
193-->[androidx.lifecycle:lifecycle-process:2.6.1] AndroidManifest.xml:29:13-31:52
194                android:name="androidx.lifecycle.ProcessLifecycleInitializer"
194-->[androidx.lifecycle:lifecycle-process:2.6.1] AndroidManifest.xml:30:17-78
195                android:value="androidx.startup" />
195-->[androidx.lifecycle:lifecycle-process:2.6.1] AndroidManifest.xml:31:17-49
196            <meta-data
196-->[androidx.profileinstaller:profileinstaller:1.3.0] AndroidManifest.xml:29:13-31:52
197                android:name="androidx.profileinstaller.ProfileInstallerInitializer"
197-->[androidx.profileinstaller:profileinstaller:1.3.0] AndroidManifest.xml:30:17-85
198                android:value="androidx.startup" />
198-->[androidx.profileinstaller:profileinstaller:1.3.0] AndroidManifest.xml:31:17-49
199        </provider>
200
201        <activity
201-->[com.google.android.gms:play-services-base:18.3.0] AndroidManifest.xml:20:9-22:45
202            android:name="com.google.android.gms.common.api.GoogleApiActivity"
202-->[com.google.android.gms:play-services-base:18.3.0] AndroidManifest.xml:20:19-85
203            android:exported="false"
203-->[com.google.android.gms:play-services-base:18.3.0] AndroidManifest.xml:22:19-43
204            android:theme="@android:style/Theme.Translucent.NoTitleBar" />
204-->[com.google.android.gms:play-services-base:18.3.0] AndroidManifest.xml:21:19-78
205
206        <provider
206-->[com.google.firebase:firebase-common:20.4.2] AndroidManifest.xml:23:9-28:39
207            android:name="com.google.firebase.provider.FirebaseInitProvider"
207-->[com.google.firebase:firebase-common:20.4.2] AndroidManifest.xml:24:13-77
208            android:authorities="com.example.appdocsach.firebaseinitprovider"
208-->[com.google.firebase:firebase-common:20.4.2] AndroidManifest.xml:25:13-72
209            android:directBootAware="true"
209-->[com.google.firebase:firebase-common:20.4.2] AndroidManifest.xml:26:13-43
210            android:exported="false"
210-->[com.google.firebase:firebase-common:20.4.2] AndroidManifest.xml:27:13-37
211            android:initOrder="100" />
211-->[com.google.firebase:firebase-common:20.4.2] AndroidManifest.xml:28:13-36
212        <!--
213         The initialization ContentProvider will call FacebookSdk.sdkInitialize automatically
214         with the application context. This config is merged in with the host app's manifest,
215         but there can only be one provider with the same authority activated at any given
216         point; so if the end user has two or more different apps that use Facebook SDK, only the
217         first one will be able to use the provider. To work around this problem, we use the
218         following placeholder in the authority to identify each host application as if it was
219         a completely different provider.
220        -->
221        <provider
221-->[com.facebook.android:facebook-core:17.0.0] AndroidManifest.xml:29:9-32:40
222            android:name="com.facebook.internal.FacebookInitProvider"
222-->[com.facebook.android:facebook-core:17.0.0] AndroidManifest.xml:30:13-70
223            android:authorities="com.example.appdocsach.FacebookInitProvider"
223-->[com.facebook.android:facebook-core:17.0.0] AndroidManifest.xml:31:13-72
224            android:exported="false" />
224-->[com.facebook.android:facebook-core:17.0.0] AndroidManifest.xml:32:13-37
225
226        <receiver
226-->[com.facebook.android:facebook-core:17.0.0] AndroidManifest.xml:34:9-40:20
227            android:name="com.facebook.CurrentAccessTokenExpirationBroadcastReceiver"
227-->[com.facebook.android:facebook-core:17.0.0] AndroidManifest.xml:35:13-86
228            android:exported="false" >
228-->[com.facebook.android:facebook-core:17.0.0] AndroidManifest.xml:36:13-37
229            <intent-filter>
229-->[com.facebook.android:facebook-core:17.0.0] AndroidManifest.xml:37:13-39:29
230                <action android:name="com.facebook.sdk.ACTION_CURRENT_ACCESS_TOKEN_CHANGED" />
230-->[com.facebook.android:facebook-core:17.0.0] AndroidManifest.xml:38:17-95
230-->[com.facebook.android:facebook-core:17.0.0] AndroidManifest.xml:38:25-92
231            </intent-filter>
232        </receiver>
233        <receiver
233-->[com.facebook.android:facebook-core:17.0.0] AndroidManifest.xml:41:9-47:20
234            android:name="com.facebook.AuthenticationTokenManager$CurrentAuthenticationTokenChangedBroadcastReceiver"
234-->[com.facebook.android:facebook-core:17.0.0] AndroidManifest.xml:42:13-118
235            android:exported="false" >
235-->[com.facebook.android:facebook-core:17.0.0] AndroidManifest.xml:43:13-37
236            <intent-filter>
236-->[com.facebook.android:facebook-core:17.0.0] AndroidManifest.xml:44:13-46:29
237                <action android:name="com.facebook.sdk.ACTION_CURRENT_AUTHENTICATION_TOKEN_CHANGED" />
237-->[com.facebook.android:facebook-core:17.0.0] AndroidManifest.xml:45:17-103
237-->[com.facebook.android:facebook-core:17.0.0] AndroidManifest.xml:45:25-100
238            </intent-filter>
239        </receiver>
240
241        <meta-data
241-->[com.google.android.gms:play-services-basement:18.3.0] AndroidManifest.xml:21:9-23:69
242            android:name="com.google.android.gms.version"
242-->[com.google.android.gms:play-services-basement:18.3.0] AndroidManifest.xml:22:13-58
243            android:value="@integer/google_play_services_version" />
243-->[com.google.android.gms:play-services-basement:18.3.0] AndroidManifest.xml:23:13-66
244
245        <receiver
245-->[androidx.profileinstaller:profileinstaller:1.3.0] AndroidManifest.xml:34:9-52:20
246            android:name="androidx.profileinstaller.ProfileInstallReceiver"
246-->[androidx.profileinstaller:profileinstaller:1.3.0] AndroidManifest.xml:35:13-76
247            android:directBootAware="false"
247-->[androidx.profileinstaller:profileinstaller:1.3.0] AndroidManifest.xml:36:13-44
248            android:enabled="true"
248-->[androidx.profileinstaller:profileinstaller:1.3.0] AndroidManifest.xml:37:13-35
249            android:exported="true"
249-->[androidx.profileinstaller:profileinstaller:1.3.0] AndroidManifest.xml:38:13-36
250            android:permission="android.permission.DUMP" >
250-->[androidx.profileinstaller:profileinstaller:1.3.0] AndroidManifest.xml:39:13-57
251            <intent-filter>
251-->[androidx.profileinstaller:profileinstaller:1.3.0] AndroidManifest.xml:40:13-42:29
252                <action android:name="androidx.profileinstaller.action.INSTALL_PROFILE" />
252-->[androidx.profileinstaller:profileinstaller:1.3.0] AndroidManifest.xml:41:17-91
252-->[androidx.profileinstaller:profileinstaller:1.3.0] AndroidManifest.xml:41:25-88
253            </intent-filter>
254            <intent-filter>
254-->[androidx.profileinstaller:profileinstaller:1.3.0] AndroidManifest.xml:43:13-45:29
255                <action android:name="androidx.profileinstaller.action.SKIP_FILE" />
255-->[androidx.profileinstaller:profileinstaller:1.3.0] AndroidManifest.xml:44:17-85
255-->[androidx.profileinstaller:profileinstaller:1.3.0] AndroidManifest.xml:44:25-82
256            </intent-filter>
257            <intent-filter>
257-->[androidx.profileinstaller:profileinstaller:1.3.0] AndroidManifest.xml:46:13-48:29
258                <action android:name="androidx.profileinstaller.action.SAVE_PROFILE" />
258-->[androidx.profileinstaller:profileinstaller:1.3.0] AndroidManifest.xml:47:17-88
258-->[androidx.profileinstaller:profileinstaller:1.3.0] AndroidManifest.xml:47:25-85
259            </intent-filter>
260            <intent-filter>
260-->[androidx.profileinstaller:profileinstaller:1.3.0] AndroidManifest.xml:49:13-51:29
261                <action android:name="androidx.profileinstaller.action.BENCHMARK_OPERATION" />
261-->[androidx.profileinstaller:profileinstaller:1.3.0] AndroidManifest.xml:50:17-95
261-->[androidx.profileinstaller:profileinstaller:1.3.0] AndroidManifest.xml:50:25-92
262            </intent-filter>
263        </receiver>
264    </application>
265
266</manifest>